2020-11-16 18:03:00|A new study created in memory with name: no-name-b5e8488e-10e2-46db-bba6-57294ee904a0
2020-11-16 18:03:07|Trial 0 finished with value: 0.12477075048470704 and parameters: {'feature_fraction': 0.8}. Best is trial 0 with value: 0.12477075048470704.
2020-11-16 18:03:14|Trial 1 finished with value: 0.1247755482818379 and parameters: {'feature_fraction': 0.7}. Best is trial 0 with value: 0.12477075048470704.
2020-11-16 18:03:20|Trial 2 finished with value: 0.12478140109491474 and parameters: {'feature_fraction': 0.4}. Best is trial 0 with value: 0.12477075048470704.
2020-11-16 18:03:26|Trial 3 finished with value: 0.12475212495273688 and parameters: {'feature_fraction': 0.6}. Best is trial 3 with value: 0.12475212495273688.
2020-11-16 18:03:34|Trial 4 finished with value: 0.12476637130168308 and parameters: {'feature_fraction': 1.0}. Best is trial 3 with value: 0.12475212495273688.
2020-11-16 18:03:42|Trial 5 finished with value: 0.12478069069801526 and parameters: {'feature_fraction': 0.8999999999999999}. Best is trial 3 with value: 0.12475212495273688.
2020-11-16 18:03:47|Trial 6 finished with value: 0.12476771654218759 and parameters: {'feature_fraction': 0.5}. Best is trial 3 with value: 0.12475212495273688.
2020-11-16 18:03:53|Trial 7 finished with value: 0.12479790980159539 and parameters: {'num_leaves': 55}. Best is trial 7 with value: 0.12479790980159539.
2020-11-16 18:04:00|Trial 8 finished with value: 0.12481147742773786 and parameters: {'num_leaves': 151}. Best is trial 7 with value: 0.12479790980159539.
2020-11-16 18:04:07|Trial 9 finished with value: 0.12482005466171253 and parameters: {'num_leaves': 149}. Best is trial 7 with value: 0.12479790980159539.
2020-11-16 18:04:15|Trial 10 finished with value: 0.12480699349513477 and parameters: {'num_leaves': 241}. Best is trial 7 with value: 0.12479790980159539.
2020-11-16 18:04:23|Trial 11 finished with value: 0.12480869462569416 and parameters: {'num_leaves': 249}. Best is trial 7 with value: 0.12479790980159539.
2020-11-16 18:04:28|Trial 12 finished with value: 0.12477528409974223 and parameters: {'num_leaves': 28}. Best is trial 12 with value: 0.12477528409974223.
2020-11-16 18:04:35|Trial 13 finished with value: 0.12479618392058128 and parameters: {'num_leaves': 84}. Best is trial 12 with value: 0.12477528409974223.
2020-11-16 18:04:43|Trial 14 finished with value: 0.12480500110477083 and parameters: {'num_leaves': 204}. Best is trial 12 with value: 0.12477528409974223.
2020-11-16 18:04:48|Trial 15 finished with value: 0.12477215010674021 and parameters: {'num_leaves': 7}. Best is trial 15 with value: 0.12477215010674021.
2020-11-16 18:04:55|Trial 16 finished with value: 0.12478479446633137 and parameters: {'num_leaves': 102}. Best is trial 15 with value: 0.12477215010674021.
2020-11-16 18:05:02|Trial 17 finished with value: 0.12481191853899355 and parameters: {'num_leaves': 182}. Best is trial 15 with value: 0.12477215010674021.
2020-11-16 18:05:10|Trial 18 finished with value: 0.1248019806560691 and parameters: {'num_leaves': 209}. Best is trial 15 with value: 0.12477215010674021.
2020-11-16 18:05:17|Trial 19 finished with value: 0.12479388447676155 and parameters: {'num_leaves': 94}. Best is trial 15 with value: 0.12477215010674021.
2020-11-16 18:05:23|Trial 20 finished with value: 0.1247721501067402 and parameters: {'num_leaves': 7}. Best is trial 20 with value: 0.1247721501067402.
2020-11-16 18:05:29|Trial 21 finished with value: 0.12477596266182304 and parameters: {'num_leaves': 50}. Best is trial 20 with value: 0.1247721501067402.
2020-11-16 18:05:36|Trial 22 finished with value: 0.12481445842590393 and parameters: {'num_leaves': 126}. Best is trial 20 with value: 0.1247721501067402.
2020-11-16 18:05:43|Trial 23 finished with value: 0.12480557895832076 and parameters: {'num_leaves': 173}. Best is trial 20 with value: 0.1247721501067402.
2020-11-16 18:05:51|Trial 24 finished with value: 0.12480795441123271 and parameters: {'num_leaves': 231}. Best is trial 20 with value: 0.1247721501067402.
2020-11-16 18:05:57|Trial 25 finished with value: 0.12479790980159539 and parameters: {'num_leaves': 55}. Best is trial 20 with value: 0.1247721501067402.
2020-11-16 18:06:04|Trial 26 finished with value: 0.12480564511893774 and parameters: {'num_leaves': 118}. Best is trial 20 with value: 0.1247721501067402.
2020-11-16 18:06:10|Trial 27 finished with value: 0.12475527328862633 and parameters: {'bagging_fraction': 0.8177494576747406, 'bagging_freq': 6}. Best is trial 27 with value: 0.12475527328862633.
2020-11-16 18:06:15|Trial 28 finished with value: 0.12478112674043519 and parameters: {'bagging_fraction': 0.8411411282952992, 'bagging_freq': 6}. Best is trial 27 with value: 0.12475527328862633.
2020-11-16 18:06:20|Trial 29 finished with value: 0.12477191475645043 and parameters: {'bagging_fraction': 0.49645494672822155, 'bagging_freq': 7}. Best is trial 27 with value: 0.12475527328862633.
2020-11-16 18:06:27|Trial 30 finished with value: 0.12477924066325874 and parameters: {'bagging_fraction': 0.9880396881994129, 'bagging_freq': 1}. Best is trial 27 with value: 0.12475527328862633.
2020-11-16 18:06:32|Trial 31 finished with value: 0.12477331517693956 and parameters: {'bagging_fraction': 0.6601857151343835, 'bagging_freq': 4}. Best is trial 27 with value: 0.12475527328862633.
2020-11-16 18:06:37|Trial 32 finished with value: 0.12478052385471798 and parameters: {'bagging_fraction': 0.8036693739793273, 'bagging_freq': 5}. Best is trial 27 with value: 0.12475527328862633.
2020-11-16 18:06:44|Trial 33 finished with value: 0.12476847793881454 and parameters: {'bagging_fraction': 0.9960103880015627, 'bagging_freq': 2}. Best is trial 27 with value: 0.12475527328862633.
2020-11-16 18:06:49|Trial 34 finished with value: 0.12476866391172935 and parameters: {'bagging_fraction': 0.6350078040605867, 'bagging_freq': 7}. Best is trial 27 with value: 0.12475527328862633.
2020-11-16 18:06:56|Trial 35 finished with value: 0.1247458187778744 and parameters: {'bagging_fraction': 0.84176781319306, 'bagging_freq': 3}. Best is trial 35 with value: 0.1247458187778744.
2020-11-16 18:07:02|Trial 36 finished with value: 0.12475636015916296 and parameters: {'bagging_fraction': 0.8462022370599995, 'bagging_freq': 3}. Best is trial 35 with value: 0.1247458187778744.
2020-11-16 18:07:09|Trial 37 finished with value: 0.1247700660626908 and parameters: {'feature_fraction': 0.584}. Best is trial 37 with value: 0.1247700660626908.
2020-11-16 18:07:15|Trial 38 finished with value: 0.12479276718441647 and parameters: {'feature_fraction': 0.6799999999999999}. Best is trial 37 with value: 0.1247700660626908.
2020-11-16 18:07:21|Trial 39 finished with value: 0.12477075020045485 and parameters: {'feature_fraction': 0.52}. Best is trial 37 with value: 0.1247700660626908.
2020-11-16 18:07:28|Trial 40 finished with value: 0.12476525599258917 and parameters: {'feature_fraction': 0.6479999999999999}. Best is trial 40 with value: 0.12476525599258917.
2020-11-16 18:07:34|Trial 41 finished with value: 0.12478249623941458 and parameters: {'feature_fraction': 0.616}. Best is trial 40 with value: 0.12476525599258917.
2020-11-16 18:07:40|Trial 42 finished with value: 0.12478815478998488 and parameters: {'feature_fraction': 0.552}. Best is trial 40 with value: 0.12476525599258917.
2020-11-16 18:07:47|Trial 43 finished with value: 0.12475229060731323 and parameters: {'lambda_l1': 0.008998662982894243, 'lambda_l2': 1.0518402348278457e-05}. Best is trial 43 with value: 0.12475229060731323.
2020-11-16 18:07:53|Trial 44 finished with value: 0.12475225195087143 and parameters: {'lambda_l1': 0.01359552588459438, 'lambda_l2': 8.111536928322974e-06}. Best is trial 44 with value: 0.12475225195087143.
2020-11-16 18:07:59|Trial 45 finished with value: 0.12475225167562287 and parameters: {'lambda_l1': 0.012752351765761697, 'lambda_l2': 1.1614425358222092e-05}. Best is trial 45 with value: 0.12475225167562287.
2020-11-16 18:08:06|Trial 46 finished with value: 0.12475225429576475 and parameters: {'lambda_l1': 0.020778702110784815, 'lambda_l2': 6.993531864484037e-06}. Best is trial 45 with value: 0.12475225167562287.
2020-11-16 18:08:12|Trial 47 finished with value: 0.12475225195778278 and parameters: {'lambda_l1': 0.013616669688405183, 'lambda_l2': 7.8108729257506e-06}. Best is trial 45 with value: 0.12475225167562287.
2020-11-16 18:08:18|Trial 48 finished with value: 0.12475225166605346 and parameters: {'lambda_l1': 0.01272391073694263, 'lambda_l2': 7.498497096697328e-06}. Best is trial 48 with value: 0.12475225166605346.
2020-11-16 18:08:25|Trial 49 finished with value: 0.12474582368272735 and parameters: {'lambda_l1': 3.414539957957179e-05, 'lambda_l2': 0.007047346716227374}. Best is trial 49 with value: 0.12474582368272735.
2020-11-16 18:08:32|Trial 50 finished with value: 0.12474678254682017 and parameters: {'lambda_l1': 1.924745258951567e-07, 'lambda_l2': 0.8017044046035543}. Best is trial 49 with value: 0.12474582368272735.
2020-11-16 18:08:38|Trial 51 finished with value: 0.12475850434656192 and parameters: {'lambda_l1': 8.822804911329147e-08, 'lambda_l2': 1.6999656743623048}. Best is trial 49 with value: 0.12474582368272735.
2020-11-16 18:08:44|Trial 52 finished with value: 0.12474582348086034 and parameters: {'lambda_l1': 2.5849104469742793e-07, 'lambda_l2': 0.03975280115862859}. Best is trial 52 with value: 0.12474582348086034.
2020-11-16 18:08:51|Trial 53 finished with value: 0.12475226187297019 and parameters: {'lambda_l1': 4.5797422797534885e-07, 'lambda_l2': 0.20485228659148685}. Best is trial 52 with value: 0.12474582348086034.
2020-11-16 18:08:57|Trial 54 finished with value: 0.12474581308849343 and parameters: {'lambda_l1': 1.2192831119288874e-05, 'lambda_l2': 0.01300712443817586}. Best is trial 54 with value: 0.12474581308849343.
2020-11-16 18:09:04|Trial 55 finished with value: 0.12474582365350081 and parameters: {'lambda_l1': 1.0486951506734619e-05, 'lambda_l2': 0.012243042187405063}. Best is trial 54 with value: 0.12474581308849343.
2020-11-16 18:09:10|Trial 56 finished with value: 0.12474582365911463 and parameters: {'lambda_l1': 1.6137053213966882e-05, 'lambda_l2': 0.011216315533220991}. Best is trial 54 with value: 0.12474581308849343.
2020-11-16 18:09:17|Trial 57 finished with value: 0.1247458236918295 and parameters: {'lambda_l1': 2.635403602693393e-05, 'lambda_l2': 0.0058032025844678824}. Best is trial 54 with value: 0.12474581308849343.
2020-11-16 18:09:23|Trial 58 finished with value: 0.12474581873097274 and parameters: {'lambda_l1': 1.9578869523901453e-05, 'lambda_l2': 0.006851566420958102}. Best is trial 54 with value: 0.12474581308849343.
2020-11-16 18:09:30|Trial 59 finished with value: 0.1247458186843972 and parameters: {'lambda_l1': 7.300406894682907e-06, 'lambda_l2': 0.01450611458143792}. Best is trial 54 with value: 0.12474581308849343.
2020-11-16 18:09:37|Trial 60 finished with value: 0.12474582346614002 and parameters: {'lambda_l1': 2.69556637469259e-06, 'lambda_l2': 0.04204605661082632}. Best is trial 54 with value: 0.12474581308849343.
2020-11-16 18:09:43|Trial 61 finished with value: 0.1247458380339365 and parameters: {'lambda_l1': 1.9447400197400004e-06, 'lambda_l2': 0.04117089955789709}. Best is trial 54 with value: 0.12474581308849343.
2020-11-16 18:09:50|Trial 62 finished with value: 0.1247458131683481 and parameters: {'lambda_l1': 3.856876467178528e-06, 'lambda_l2': 0.0006574278027210494}. Best is trial 54 with value: 0.12474581308849343.
2020-11-16 18:09:55|Trial 63 finished with value: 0.1247674911521036 and parameters: {'min_child_samples': 100}. Best is trial 63 with value: 0.1247674911521036.
2020-11-16 18:10:02|Trial 64 finished with value: 0.12475968175362737 and parameters: {'min_child_samples': 50}. Best is trial 64 with value: 0.12475968175362737.
2020-11-16 18:10:09|Trial 65 finished with value: 0.1247507518055081 and parameters: {'min_child_samples': 5}. Best is trial 65 with value: 0.1247507518055081.
2020-11-16 18:10:16|Trial 66 finished with value: 0.12475218462258729 and parameters: {'min_child_samples': 25}. Best is trial 65 with value: 0.1247507518055081.
2020-11-16 18:10:22|Trial 67 finished with value: 0.1247684746631559 and parameters: {'min_child_samples': 10}. Best is trial 65 with value: 0.1247507518055081.
2020-11-16 18:10:44|A new study created in memory with name: no-name-da1cf4ae-93a3-4b5c-9673-24b66a05e4f3
2020-11-16 18:10:51|Trial 0 finished with value: 0.12480369076139652 and parameters: {'feature_fraction': 0.8}. Best is trial 0 with value: 0.12480369076139652.
2020-11-16 18:10:56|Trial 1 finished with value: 0.12477265446301834 and parameters: {'feature_fraction': 0.6}. Best is trial 1 with value: 0.12477265446301834.
2020-11-16 18:11:01|Trial 2 finished with value: 0.12476981184328739 and parameters: {'feature_fraction': 0.5}. Best is trial 2 with value: 0.12476981184328739.
2020-11-16 18:11:07|Trial 3 finished with value: 0.12478323163920305 and parameters: {'feature_fraction': 0.7}. Best is trial 2 with value: 0.12476981184328739.
2020-11-16 18:11:14|Trial 4 finished with value: 0.12476962731031926 and parameters: {'feature_fraction': 1.0}. Best is trial 4 with value: 0.12476962731031926.
2020-11-16 18:11:19|Trial 5 finished with value: 0.12476959377827426 and parameters: {'feature_fraction': 0.4}. Best is trial 5 with value: 0.12476959377827426.
2020-11-16 18:11:25|Trial 6 finished with value: 0.12480491019139753 and parameters: {'feature_fraction': 0.8999999999999999}. Best is trial 5 with value: 0.12476959377827426.
2020-11-16 18:11:30|Trial 7 finished with value: 0.12476958194741178 and parameters: {'num_leaves': 52}. Best is trial 7 with value: 0.12476958194741178.
2020-11-16 18:11:34|Trial 8 finished with value: 0.12476956932714346 and parameters: {'num_leaves': 52}. Best is trial 8 with value: 0.12476956932714346.
2020-11-16 18:11:39|Trial 9 finished with value: 0.12480363129613818 and parameters: {'num_leaves': 198}. Best is trial 8 with value: 0.12476956932714346.
2020-11-16 18:11:43|Trial 10 finished with value: 0.12477232242292564 and parameters: {'num_leaves': 11}. Best is trial 8 with value: 0.12476956932714346.
2020-11-16 18:11:48|Trial 11 finished with value: 0.1247686113567943 and parameters: {'num_leaves': 41}. Best is trial 11 with value: 0.1247686113567943.
2020-11-16 18:11:52|Trial 12 finished with value: 0.12477770447192918 and parameters: {'num_leaves': 83}. Best is trial 11 with value: 0.1247686113567943.
2020-11-16 18:11:57|Trial 13 finished with value: 0.12478257876382057 and parameters: {'num_leaves': 127}. Best is trial 11 with value: 0.1247686113567943.
2020-11-16 18:12:02|Trial 14 finished with value: 0.12478237538136991 and parameters: {'num_leaves': 6}. Best is trial 11 with value: 0.1247686113567943.
2020-11-16 18:12:06|Trial 15 finished with value: 0.12476780386563525 and parameters: {'num_leaves': 63}. Best is trial 15 with value: 0.12476780386563525.
2020-11-16 18:12:11|Trial 16 finished with value: 0.1247803082282835 and parameters: {'num_leaves': 108}. Best is trial 15 with value: 0.12476780386563525.
2020-11-16 18:12:16|Trial 17 finished with value: 0.12479966614064228 and parameters: {'num_leaves': 179}. Best is trial 15 with value: 0.12476780386563525.
2020-11-16 18:12:21|Trial 18 finished with value: 0.12477472269396574 and parameters: {'num_leaves': 28}. Best is trial 15 with value: 0.12476780386563525.
2020-11-16 18:12:25|Trial 19 finished with value: 0.1247768101218725 and parameters: {'num_leaves': 80}. Best is trial 15 with value: 0.12476780386563525.
2020-11-16 18:12:30|Trial 20 finished with value: 0.12481534471169305 and parameters: {'num_leaves': 254}. Best is trial 15 with value: 0.12476780386563525.
2020-11-16 18:12:35|Trial 21 finished with value: 0.12476764213850101 and parameters: {'num_leaves': 47}. Best is trial 21 with value: 0.12476764213850101.
2020-11-16 18:12:39|Trial 22 finished with value: 0.12476767038783865 and parameters: {'num_leaves': 47}. Best is trial 21 with value: 0.12476764213850101.
2020-11-16 18:12:44|Trial 23 finished with value: 0.12477662066892738 and parameters: {'num_leaves': 85}. Best is trial 21 with value: 0.12476764213850101.
2020-11-16 18:12:49|Trial 24 finished with value: 0.12477902827314331 and parameters: {'num_leaves': 4}. Best is trial 21 with value: 0.12476764213850101.
2020-11-16 18:12:54|Trial 25 finished with value: 0.12477260564536737 and parameters: {'num_leaves': 66}. Best is trial 21 with value: 0.12476764213850101.
2020-11-16 18:12:59|Trial 26 finished with value: 0.1247804327886186 and parameters: {'num_leaves': 106}. Best is trial 21 with value: 0.12476764213850101.
2020-11-16 18:13:04|Trial 27 finished with value: 0.1247961891291264 and parameters: {'bagging_fraction': 0.8193131529316073, 'bagging_freq': 1}. Best is trial 27 with value: 0.1247961891291264.
2020-11-16 18:13:07|Trial 28 finished with value: 0.12479667059684663 and parameters: {'bagging_fraction': 0.42299581487401733, 'bagging_freq': 7}. Best is trial 27 with value: 0.1247961891291264.
2020-11-16 18:13:10|Trial 29 finished with value: 0.12478916684140832 and parameters: {'bagging_fraction': 0.41034355152307833, 'bagging_freq': 4}. Best is trial 29 with value: 0.12478916684140832.
2020-11-16 18:13:16|Trial 30 finished with value: 0.12476125330293521 and parameters: {'bagging_fraction': 0.9946755351365166, 'bagging_freq': 1}. Best is trial 30 with value: 0.12476125330293521.
2020-11-16 18:13:22|Trial 31 finished with value: 0.12478205513195958 and parameters: {'bagging_fraction': 0.9963318803644601, 'bagging_freq': 1}. Best is trial 30 with value: 0.12476125330293521.
2020-11-16 18:13:27|Trial 32 finished with value: 0.12478185865010355 and parameters: {'bagging_fraction': 0.9691749217753232, 'bagging_freq': 3}. Best is trial 30 with value: 0.12476125330293521.
2020-11-16 18:13:31|Trial 33 finished with value: 0.12481931583549673 and parameters: {'bagging_fraction': 0.6489002045725779, 'bagging_freq': 4}. Best is trial 30 with value: 0.12476125330293521.
2020-11-16 18:13:35|Trial 34 finished with value: 0.12479152203033245 and parameters: {'bagging_fraction': 0.7487240986218251, 'bagging_freq': 6}. Best is trial 30 with value: 0.12476125330293521.
2020-11-16 18:13:39|Trial 35 finished with value: 0.1248150818498313 and parameters: {'bagging_fraction': 0.5580844292591304, 'bagging_freq': 2}. Best is trial 30 with value: 0.12476125330293521.
2020-11-16 18:13:43|Trial 36 finished with value: 0.1248065949975041 and parameters: {'bagging_fraction': 0.8703269425372329, 'bagging_freq': 5}. Best is trial 30 with value: 0.12476125330293521.
2020-11-16 18:13:49|Trial 37 finished with value: 0.12476694105603213 and parameters: {'feature_fraction': 0.48000000000000004}. Best is trial 37 with value: 0.12476694105603213.
2020-11-16 18:13:56|Trial 38 finished with value: 0.12476121822477022 and parameters: {'feature_fraction': 0.44800000000000006}. Best is trial 38 with value: 0.12476121822477022.
2020-11-16 18:14:02|Trial 39 finished with value: 0.12476254643958598 and parameters: {'feature_fraction': 0.41600000000000004}. Best is trial 38 with value: 0.12476121822477022.
2020-11-16 18:14:09|Trial 40 finished with value: 0.12476118844098856 and parameters: {'lambda_l1': 5.251317070319116e-07, 'lambda_l2': 0.00033764705366864874}. Best is trial 40 with value: 0.12476118844098856.
2020-11-16 18:14:16|Trial 41 finished with value: 0.12476121902127371 and parameters: {'lambda_l1': 3.959973401073259e-07, 'lambda_l2': 0.0003417552214806828}. Best is trial 40 with value: 0.12476118844098856.
2020-11-16 18:14:23|Trial 42 finished with value: 0.12476118807032538 and parameters: {'lambda_l1': 2.9712376178666193e-07, 'lambda_l2': 0.0004089602869296039}. Best is trial 42 with value: 0.12476118807032538.
2020-11-16 18:14:29|Trial 43 finished with value: 0.12476121902109419 and parameters: {'lambda_l1': 1.585850776549943e-07, 'lambda_l2': 0.0003404367211139203}. Best is trial 42 with value: 0.12476118807032538.
2020-11-16 18:14:36|Trial 44 finished with value: 0.12476121901976497 and parameters: {'lambda_l1': 2.386641900907422e-07, 'lambda_l2': 0.00032727678281844813}. Best is trial 42 with value: 0.12476118807032538.
2020-11-16 18:14:43|Trial 45 finished with value: 0.12476121707338363 and parameters: {'lambda_l1': 1.5150215993897284e-07, 'lambda_l2': 0.00022768969294044664}. Best is trial 42 with value: 0.12476118807032538.
2020-11-16 18:14:50|Trial 46 finished with value: 0.1247612190120709 and parameters: {'lambda_l1': 2.5055304625167674e-07, 'lambda_l2': 0.00024967200099172855}. Best is trial 42 with value: 0.12476118807032538.
2020-11-16 18:14:57|Trial 47 finished with value: 0.12476121903770133 and parameters: {'lambda_l1': 3.401220519633051e-07, 'lambda_l2': 0.0005079900567283615}. Best is trial 42 with value: 0.12476118807032538.
2020-11-16 18:15:03|Trial 48 finished with value: 0.12476121580858861 and parameters: {'lambda_l1': 1.076670538117865e-08, 'lambda_l2': 4.1132554504739933e-07}. Best is trial 42 with value: 0.12476118807032538.
2020-11-16 18:15:10|Trial 49 finished with value: 0.12476118863913895 and parameters: {'lambda_l1': 0.002275122223974804, 'lambda_l2': 1.4251387748959767e-08}. Best is trial 42 with value: 0.12476118807032538.
2020-11-16 18:15:17|Trial 50 finished with value: 0.12476661657416833 and parameters: {'lambda_l1': 0.005666001576016672, 'lambda_l2': 1.585581926005588e-07}. Best is trial 42 with value: 0.12476118807032538.
2020-11-16 18:15:23|Trial 51 finished with value: 0.12476659919983013 and parameters: {'lambda_l1': 0.0031953431987218717, 'lambda_l2': 1.0876173739185185e-08}. Best is trial 42 with value: 0.12476118807032538.
2020-11-16 18:15:30|Trial 52 finished with value: 0.12476118802963958 and parameters: {'lambda_l1': 1.4743847804610398e-08, 'lambda_l2': 2.5182249568141e-07}. Best is trial 52 with value: 0.12476118802963958.
2020-11-16 18:15:37|Trial 53 finished with value: 0.12476121664170009 and parameters: {'lambda_l1': 1.011000696233919e-08, 'lambda_l2': 4.824773003410306e-07}. Best is trial 52 with value: 0.12476118802963958.
2020-11-16 18:15:43|Trial 54 finished with value: 0.12476121898726225 and parameters: {'lambda_l1': 1.0997548788825067e-08, 'lambda_l2': 9.817364638507748e-07}. Best is trial 52 with value: 0.12476118802963958.
2020-11-16 18:15:50|Trial 55 finished with value: 0.1247611880297297 and parameters: {'lambda_l1': 1.4501976177222265e-08, 'lambda_l2': 1.1624889552759427e-06}. Best is trial 52 with value: 0.12476118802963958.
2020-11-16 18:15:57|Trial 56 finished with value: 0.12476118804158122 and parameters: {'lambda_l1': 4.533754947343787e-05, 'lambda_l2': 1.401040371796552e-08}. Best is trial 52 with value: 0.12476118802963958.
2020-11-16 18:16:04|Trial 57 finished with value: 0.12476121899528278 and parameters: {'lambda_l1': 3.0779482624571714e-05, 'lambda_l2': 1.838718236775212e-08}. Best is trial 52 with value: 0.12476118802963958.
2020-11-16 18:16:11|Trial 58 finished with value: 0.12476118804292005 and parameters: {'lambda_l1': 4.734920503698573e-05, 'lambda_l2': 7.727847241546305e-06}. Best is trial 52 with value: 0.12476118802963958.
2020-11-16 18:16:17|Trial 59 finished with value: 0.12476121820302068 and parameters: {'lambda_l1': 3.356301041242693e-05, 'lambda_l2': 9.759344303571225e-06}. Best is trial 52 with value: 0.12476118802963958.
2020-11-16 18:16:24|Trial 60 finished with value: 0.12475933802073691 and parameters: {'min_child_samples': 100}. Best is trial 60 with value: 0.12475933802073691.
2020-11-16 18:16:31|Trial 61 finished with value: 0.12475896975705175 and parameters: {'min_child_samples': 25}. Best is trial 61 with value: 0.12475896975705175.
2020-11-16 18:16:36|Trial 62 finished with value: 0.12477611799746836 and parameters: {'min_child_samples': 5}. Best is trial 61 with value: 0.12475896975705175.
2020-11-16 18:16:42|Trial 63 finished with value: 0.12477673136908675 and parameters: {'min_child_samples': 10}. Best is trial 61 with value: 0.12475896975705175.
2020-11-16 18:16:48|Trial 64 finished with value: 0.1247751286276117 and parameters: {'min_child_samples': 50}. Best is trial 61 with value: 0.12475896975705175.
2020-11-16 18:17:09|A new study created in memory with name: no-name-1531d852-4395-4c33-9e3d-8b107a3d584e
2020-11-16 18:17:13|Trial 0 finished with value: 0.12478684071133718 and parameters: {'feature_fraction': 0.4}. Best is trial 0 with value: 0.12478684071133718.
2020-11-16 18:17:18|Trial 1 finished with value: 0.12477222675096626 and parameters: {'feature_fraction': 0.7}. Best is trial 1 with value: 0.12477222675096626.
2020-11-16 18:17:23|Trial 2 finished with value: 0.12475013636264003 and parameters: {'feature_fraction': 0.6}. Best is trial 2 with value: 0.12475013636264003.
2020-11-16 18:17:29|Trial 3 finished with value: 0.12478498630831661 and parameters: {'feature_fraction': 1.0}. Best is trial 2 with value: 0.12475013636264003.
2020-11-16 18:17:35|Trial 4 finished with value: 0.12478784226682965 and parameters: {'feature_fraction': 0.8999999999999999}. Best is trial 2 with value: 0.12475013636264003.
2020-11-16 18:17:40|Trial 5 finished with value: 0.12478784143244895 and parameters: {'feature_fraction': 0.8}. Best is trial 2 with value: 0.12475013636264003.
2020-11-16 18:17:45|Trial 6 finished with value: 0.12476815468760387 and parameters: {'feature_fraction': 0.5}. Best is trial 2 with value: 0.12475013636264003.
2020-11-16 18:17:50|Trial 7 finished with value: 0.12476036117605331 and parameters: {'num_leaves': 34}. Best is trial 7 with value: 0.12476036117605331.
2020-11-16 18:17:55|Trial 8 finished with value: 0.12480561259653052 and parameters: {'num_leaves': 149}. Best is trial 7 with value: 0.12476036117605331.
2020-11-16 18:18:00|Trial 9 finished with value: 0.12478397386090394 and parameters: {'num_leaves': 77}. Best is trial 7 with value: 0.12476036117605331.
2020-11-16 18:18:06|Trial 10 finished with value: 0.12483669332733686 and parameters: {'num_leaves': 253}. Best is trial 7 with value: 0.12476036117605331.
2020-11-16 18:18:11|Trial 11 finished with value: 0.12476043130257117 and parameters: {'num_leaves': 9}. Best is trial 7 with value: 0.12476036117605331.
2020-11-16 18:18:16|Trial 12 finished with value: 0.12475917735563234 and parameters: {'num_leaves': 15}. Best is trial 12 with value: 0.12475917735563234.
2020-11-16 18:18:22|Trial 13 finished with value: 0.12480801944740136 and parameters: {'num_leaves': 156}. Best is trial 12 with value: 0.12475917735563234.
2020-11-16 18:18:27|Trial 14 finished with value: 0.12483748833084644 and parameters: {'num_leaves': 233}. Best is trial 12 with value: 0.12475917735563234.
2020-11-16 18:18:32|Trial 15 finished with value: 0.12479237964371757 and parameters: {'num_leaves': 70}. Best is trial 12 with value: 0.12475917735563234.
2020-11-16 18:18:37|Trial 16 finished with value: 0.12482362340029302 and parameters: {'num_leaves': 199}. Best is trial 12 with value: 0.12475917735563234.
2020-11-16 18:18:43|Trial 17 finished with value: 0.12477538243326204 and parameters: {'num_leaves': 89}. Best is trial 12 with value: 0.12475917735563234.
2020-11-16 18:18:50|Trial 18 finished with value: 0.12474637094212841 and parameters: {'num_leaves': 7}. Best is trial 18 with value: 0.12474637094212841.
2020-11-16 18:18:55|Trial 19 finished with value: 0.12480389594445337 and parameters: {'num_leaves': 119}. Best is trial 18 with value: 0.12474637094212841.
2020-11-16 18:19:00|Trial 20 finished with value: 0.12476605019350506 and parameters: {'num_leaves': 48}. Best is trial 18 with value: 0.12474637094212841.
2020-11-16 18:19:09|Trial 21 finished with value: 0.1247641250820772 and parameters: {'num_leaves': 3}. Best is trial 18 with value: 0.12474637094212841.
2020-11-16 18:19:15|Trial 22 finished with value: 0.12476306994070267 and parameters: {'num_leaves': 8}. Best is trial 18 with value: 0.12474637094212841.
2020-11-16 18:19:20|Trial 23 finished with value: 0.12476240294293883 and parameters: {'num_leaves': 35}. Best is trial 18 with value: 0.12474637094212841.
2020-11-16 18:19:25|Trial 24 finished with value: 0.12478897810123217 and parameters: {'num_leaves': 109}. Best is trial 18 with value: 0.12474637094212841.
2020-11-16 18:19:30|Trial 25 finished with value: 0.12481014826129243 and parameters: {'num_leaves': 2}. Best is trial 18 with value: 0.12474637094212841.
2020-11-16 18:19:34|Trial 26 finished with value: 0.124789400177196 and parameters: {'num_leaves': 55}. Best is trial 18 with value: 0.12474637094212841.
2020-11-16 18:19:38|Trial 27 finished with value: 0.12479374361792497 and parameters: {'bagging_fraction': 0.41649769720057794, 'bagging_freq': 6}. Best is trial 27 with value: 0.12479374361792497.
2020-11-16 18:19:48|Trial 28 finished with value: 0.1247723746166525 and parameters: {'bagging_fraction': 0.9857507707664934, 'bagging_freq': 1}. Best is trial 28 with value: 0.1247723746166525.
2020-11-16 18:19:53|Trial 29 finished with value: 0.1247771096728831 and parameters: {'bagging_fraction': 0.7205004436725163, 'bagging_freq': 1}. Best is trial 28 with value: 0.1247723746166525.
2020-11-16 18:19:57|Trial 30 finished with value: 0.1247966196801767 and parameters: {'bagging_fraction': 0.4233433980509663, 'bagging_freq': 7}. Best is trial 28 with value: 0.1247723746166525.
2020-11-16 18:20:07|Trial 31 finished with value: 0.1247577363214031 and parameters: {'bagging_fraction': 0.98333765730652, 'bagging_freq': 4}. Best is trial 31 with value: 0.1247577363214031.
2020-11-16 18:20:17|Trial 32 finished with value: 0.12475480965217005 and parameters: {'bagging_fraction': 0.9995159028246737, 'bagging_freq': 4}. Best is trial 32 with value: 0.12475480965217005.
2020-11-16 18:20:24|Trial 33 finished with value: 0.12475898830749571 and parameters: {'bagging_fraction': 0.998058997066448, 'bagging_freq': 4}. Best is trial 32 with value: 0.12475480965217005.
2020-11-16 18:20:31|Trial 34 finished with value: 0.12475023574139901 and parameters: {'bagging_fraction': 0.8332725666534213, 'bagging_freq': 4}. Best is trial 34 with value: 0.12475023574139901.
2020-11-16 18:20:38|Trial 35 finished with value: 0.12475889524142203 and parameters: {'bagging_fraction': 0.7981589511705176, 'bagging_freq': 3}. Best is trial 34 with value: 0.12475023574139901.
2020-11-16 18:20:43|Trial 36 finished with value: 0.12476889599769522 and parameters: {'bagging_fraction': 0.8366343314562295, 'bagging_freq': 5}. Best is trial 34 with value: 0.12475023574139901.
2020-11-16 18:20:49|Trial 37 finished with value: 0.12476022312777409 and parameters: {'feature_fraction': 0.552}. Best is trial 37 with value: 0.12476022312777409.
2020-11-16 18:20:54|Trial 38 finished with value: 0.12474555720275377 and parameters: {'feature_fraction': 0.616}. Best is trial 38 with value: 0.12474555720275377.
2020-11-16 18:21:02|Trial 39 finished with value: 0.12473416811601486 and parameters: {'feature_fraction': 0.584}. Best is trial 39 with value: 0.12473416811601486.
2020-11-16 18:21:09|Trial 40 finished with value: 0.12475085607877422 and parameters: {'feature_fraction': 0.52}. Best is trial 39 with value: 0.12473416811601486.
2020-11-16 18:21:16|Trial 41 finished with value: 0.12475020206816191 and parameters: {'feature_fraction': 0.6799999999999999}. Best is trial 39 with value: 0.12473416811601486.
2020-11-16 18:21:22|Trial 42 finished with value: 0.12475850562105559 and parameters: {'feature_fraction': 0.6479999999999999}. Best is trial 39 with value: 0.12473416811601486.
2020-11-16 18:21:27|Trial 43 finished with value: 0.1247632697463864 and parameters: {'lambda_l1': 2.0042830799608633, 'lambda_l2': 0.0007733869243918398}. Best is trial 43 with value: 0.1247632697463864.
2020-11-16 18:21:35|Trial 44 finished with value: 0.12474728141465326 and parameters: {'lambda_l1': 1.9928500434909036e-08, 'lambda_l2': 9.159940372961898}. Best is trial 44 with value: 0.12474728141465326.
2020-11-16 18:21:40|Trial 45 finished with value: 0.12475822152113798 and parameters: {'lambda_l1': 2.0783759132778544e-08, 'lambda_l2': 1.9309850836908269}. Best is trial 44 with value: 0.12474728141465326.
2020-11-16 18:21:46|Trial 46 finished with value: 0.12476655114206281 and parameters: {'lambda_l1': 1.4455854355660885e-08, 'lambda_l2': 4.98180898607178}. Best is trial 44 with value: 0.12474728141465326.
2020-11-16 18:21:53|Trial 47 finished with value: 0.12473414647789739 and parameters: {'lambda_l1': 0.00010444598114547051, 'lambda_l2': 4.638278108091634e-08}. Best is trial 47 with value: 0.12473414647789739.
2020-11-16 18:22:00|Trial 48 finished with value: 0.12473416511257082 and parameters: {'lambda_l1': 0.00014028459632149513, 'lambda_l2': 3.072977870641052e-08}. Best is trial 47 with value: 0.12473414647789739.
2020-11-16 18:22:07|Trial 49 finished with value: 0.12473417438232326 and parameters: {'lambda_l1': 0.00019816412678924606, 'lambda_l2': 3.3916454087583e-08}. Best is trial 47 with value: 0.12473414647789739.
2020-11-16 18:22:15|Trial 50 finished with value: 0.12473415787391605 and parameters: {'lambda_l1': 0.0004835191478633905, 'lambda_l2': 1.4773585700690154e-08}. Best is trial 47 with value: 0.12473414647789739.
2020-11-16 18:22:22|Trial 51 finished with value: 0.12473416673438775 and parameters: {'lambda_l1': 0.00034620238814816404, 'lambda_l2': 1.036642212037787e-08}. Best is trial 47 with value: 0.12473414647789739.
2020-11-16 18:22:29|Trial 52 finished with value: 0.12473416672825985 and parameters: {'lambda_l1': 0.00039452649904368775, 'lambda_l2': 1.6214512315411657e-08}. Best is trial 47 with value: 0.12473414647789739.
2020-11-16 18:22:36|Trial 53 finished with value: 0.12473417787908868 and parameters: {'lambda_l1': 0.0003587153147388632, 'lambda_l2': 1.7586865343733425e-08}. Best is trial 47 with value: 0.12473414647789739.
2020-11-16 18:22:43|Trial 54 finished with value: 0.12473416675018179 and parameters: {'lambda_l1': 0.00022260904732282372, 'lambda_l2': 1.4534992027089095e-08}. Best is trial 47 with value: 0.12473414647789739.
2020-11-16 18:22:51|Trial 55 finished with value: 0.12473418977454835 and parameters: {'lambda_l1': 0.0002925892828312782, 'lambda_l2': 1.80523686078429e-08}. Best is trial 47 with value: 0.12473414647789739.
2020-11-16 18:22:58|Trial 56 finished with value: 0.12473416331240832 and parameters: {'lambda_l1': 0.00014939931581081864, 'lambda_l2': 1.6285070556104687e-08}. Best is trial 47 with value: 0.12473414647789739.
2020-11-16 18:23:05|Trial 57 finished with value: 0.12473416689187289 and parameters: {'lambda_l1': 2.6748697398146894e-05, 'lambda_l2': 6.691100044331945e-07}. Best is trial 47 with value: 0.12473414647789739.
2020-11-16 18:23:12|Trial 58 finished with value: 0.12473416190996645 and parameters: {'lambda_l1': 0.0063319507239335115, 'lambda_l2': 3.6377106745318157e-07}. Best is trial 47 with value: 0.12473414647789739.
2020-11-16 18:23:20|Trial 59 finished with value: 0.12473417063557592 and parameters: {'lambda_l1': 0.014910676777080635, 'lambda_l2': 9.183523955901491e-07}. Best is trial 47 with value: 0.12473414647789739.
2020-11-16 18:23:27|Trial 60 finished with value: 0.1247341653325429 and parameters: {'lambda_l1': 0.00786940882189421, 'lambda_l2': 4.912079949049812e-07}. Best is trial 47 with value: 0.12473414647789739.
2020-11-16 18:23:34|Trial 61 finished with value: 0.12473416382988228 and parameters: {'lambda_l1': 0.020131247648315274, 'lambda_l2': 3.214113777152198e-07}. Best is trial 47 with value: 0.12473414647789739.
2020-11-16 18:23:41|Trial 62 finished with value: 0.12473408345100258 and parameters: {'lambda_l1': 0.03574160148598284, 'lambda_l2': 6.332265637869779e-07}. Best is trial 62 with value: 0.12473408345100258.
2020-11-16 18:23:47|Trial 63 finished with value: 0.12473719335492574 and parameters: {'min_child_samples': 5}. Best is trial 63 with value: 0.12473719335492574.
2020-11-16 18:23:54|Trial 64 finished with value: 0.12476485432721593 and parameters: {'min_child_samples': 100}. Best is trial 63 with value: 0.12473719335492574.
2020-11-16 18:23:59|Trial 65 finished with value: 0.12476698471693805 and parameters: {'min_child_samples': 50}. Best is trial 63 with value: 0.12473719335492574.
2020-11-16 18:24:06|Trial 66 finished with value: 0.1247356157577701 and parameters: {'min_child_samples': 10}. Best is trial 66 with value: 0.1247356157577701.
2020-11-16 18:24:14|Trial 67 finished with value: 0.12473417384552006 and parameters: {'min_child_samples': 25}. Best is trial 67 with value: 0.12473417384552006.
2020-11-16 18:24:32|A new study created in memory with name: no-name-ed15f8d0-ef0b-4f39-965d-a81fc4ae710d
2020-11-16 18:24:37|Trial 0 finished with value: 0.12478859865134836 and parameters: {'feature_fraction': 0.6}. Best is trial 0 with value: 0.12478859865134836.
2020-11-16 18:24:42|Trial 1 finished with value: 0.12478944066926859 and parameters: {'feature_fraction': 0.5}. Best is trial 0 with value: 0.12478859865134836.
2020-11-16 18:24:47|Trial 2 finished with value: 0.12478711017314387 and parameters: {'feature_fraction': 0.7}. Best is trial 2 with value: 0.12478711017314387.
2020-11-16 18:24:52|Trial 3 finished with value: 0.1247934120027186 and parameters: {'feature_fraction': 0.8}. Best is trial 2 with value: 0.12478711017314387.
2020-11-16 18:24:58|Trial 4 finished with value: 0.12478213444909989 and parameters: {'feature_fraction': 1.0}. Best is trial 4 with value: 0.12478213444909989.
2020-11-16 18:25:03|Trial 5 finished with value: 0.12478470309548956 and parameters: {'feature_fraction': 0.8999999999999999}. Best is trial 4 with value: 0.12478213444909989.
2020-11-16 18:25:07|Trial 6 finished with value: 0.12476638433458784 and parameters: {'feature_fraction': 0.4}. Best is trial 6 with value: 0.12476638433458784.
2020-11-16 18:25:11|Trial 7 finished with value: 0.12483086426688798 and parameters: {'num_leaves': 173}. Best is trial 7 with value: 0.12483086426688798.
2020-11-16 18:25:15|Trial 8 finished with value: 0.12483144724185527 and parameters: {'num_leaves': 241}. Best is trial 7 with value: 0.12483086426688798.
2020-11-16 18:25:19|Trial 9 finished with value: 0.12477483943597109 and parameters: {'num_leaves': 8}. Best is trial 9 with value: 0.12477483943597109.
2020-11-16 18:25:23|Trial 10 finished with value: 0.12481558328018533 and parameters: {'num_leaves': 2}. Best is trial 9 with value: 0.12477483943597109.
2020-11-16 18:25:29|Trial 11 finished with value: 0.1247733365677438 and parameters: {'num_leaves': 3}. Best is trial 11 with value: 0.1247733365677438.
2020-11-16 18:25:33|Trial 12 finished with value: 0.12481081280936018 and parameters: {'num_leaves': 75}. Best is trial 11 with value: 0.1247733365677438.
2020-11-16 18:25:36|Trial 13 finished with value: 0.12483125772964439 and parameters: {'num_leaves': 96}. Best is trial 11 with value: 0.1247733365677438.
2020-11-16 18:25:40|Trial 14 finished with value: 0.12479244715641594 and parameters: {'num_leaves': 40}. Best is trial 11 with value: 0.1247733365677438.
2020-11-16 18:25:44|Trial 15 finished with value: 0.12483123799715218 and parameters: {'num_leaves': 169}. Best is trial 11 with value: 0.1247733365677438.
2020-11-16 18:25:48|Trial 16 finished with value: 0.12482986795842498 and parameters: {'num_leaves': 250}. Best is trial 11 with value: 0.1247733365677438.
2020-11-16 18:25:51|Trial 17 finished with value: 0.12483172827343393 and parameters: {'num_leaves': 147}. Best is trial 11 with value: 0.1247733365677438.
2020-11-16 18:25:55|Trial 18 finished with value: 0.12479023120364412 and parameters: {'num_leaves': 50}. Best is trial 11 with value: 0.1247733365677438.
2020-11-16 18:25:59|Trial 19 finished with value: 0.12483285268909625 and parameters: {'num_leaves': 209}. Best is trial 11 with value: 0.1247733365677438.
2020-11-16 18:26:03|Trial 20 finished with value: 0.12482853894892892 and parameters: {'num_leaves': 108}. Best is trial 11 with value: 0.1247733365677438.
2020-11-16 18:26:07|Trial 21 finished with value: 0.12477483943597106 and parameters: {'num_leaves': 8}. Best is trial 11 with value: 0.1247733365677438.
2020-11-16 18:26:10|Trial 22 finished with value: 0.12478795069711315 and parameters: {'num_leaves': 27}. Best is trial 11 with value: 0.1247733365677438.
2020-11-16 18:26:16|Trial 23 finished with value: 0.1247733365677438 and parameters: {'num_leaves': 3}. Best is trial 11 with value: 0.1247733365677438.
2020-11-16 18:26:20|Trial 24 finished with value: 0.12480168499326183 and parameters: {'num_leaves': 61}. Best is trial 11 with value: 0.1247733365677438.
2020-11-16 18:26:24|Trial 25 finished with value: 0.12478949709546389 and parameters: {'num_leaves': 25}. Best is trial 11 with value: 0.1247733365677438.
2020-11-16 18:26:28|Trial 26 finished with value: 0.12482414181811836 and parameters: {'num_leaves': 80}. Best is trial 11 with value: 0.1247733365677438.
2020-11-16 18:26:31|Trial 27 finished with value: 0.12479178323319164 and parameters: {'bagging_fraction': 0.8389679292955105, 'bagging_freq': 6}. Best is trial 27 with value: 0.12479178323319164.
2020-11-16 18:26:34|Trial 28 finished with value: 0.12483021760309411 and parameters: {'bagging_fraction': 0.4246361304289166, 'bagging_freq': 1}. Best is trial 27 with value: 0.12479178323319164.
2020-11-16 18:26:37|Trial 29 finished with value: 0.12481344983955091 and parameters: {'bagging_fraction': 0.452674777266316, 'bagging_freq': 1}. Best is trial 27 with value: 0.12479178323319164.
2020-11-16 18:26:41|Trial 30 finished with value: 0.12480123731262849 and parameters: {'bagging_fraction': 0.9772748207310429, 'bagging_freq': 7}. Best is trial 27 with value: 0.12479178323319164.
2020-11-16 18:26:44|Trial 31 finished with value: 0.12481906692605073 and parameters: {'bagging_fraction': 0.6689024869556016, 'bagging_freq': 4}. Best is trial 27 with value: 0.12479178323319164.
2020-11-16 18:26:47|Trial 32 finished with value: 0.12481609288025391 and parameters: {'bagging_fraction': 0.6203332210431447, 'bagging_freq': 4}. Best is trial 27 with value: 0.12479178323319164.
2020-11-16 18:26:52|Trial 33 finished with value: 0.12478021061943347 and parameters: {'bagging_fraction': 0.9884654904793209, 'bagging_freq': 2}. Best is trial 33 with value: 0.12478021061943347.
2020-11-16 18:26:56|Trial 34 finished with value: 0.12479512410345193 and parameters: {'bagging_fraction': 0.845473363034903, 'bagging_freq': 6}. Best is trial 33 with value: 0.12478021061943347.
2020-11-16 18:26:59|Trial 35 finished with value: 0.12482306304770173 and parameters: {'bagging_fraction': 0.5386531401728072, 'bagging_freq': 3}. Best is trial 33 with value: 0.12478021061943347.
2020-11-16 18:27:02|Trial 36 finished with value: 0.12479306553474612 and parameters: {'bagging_fraction': 0.7942371548474106, 'bagging_freq': 5}. Best is trial 33 with value: 0.12478021061943347.
2020-11-16 18:27:06|Trial 37 finished with value: 0.12476252830251015 and parameters: {'feature_fraction': 0.41600000000000004}. Best is trial 37 with value: 0.12476252830251015.
2020-11-16 18:27:10|Trial 38 finished with value: 0.12476951540467256 and parameters: {'feature_fraction': 0.44800000000000006}. Best is trial 37 with value: 0.12476252830251015.
2020-11-16 18:27:15|Trial 39 finished with value: 0.12480052733870169 and parameters: {'feature_fraction': 0.48000000000000004}. Best is trial 37 with value: 0.12476252830251015.
2020-11-16 18:27:18|Trial 40 finished with value: 0.12478734290508811 and parameters: {'lambda_l1': 0.05100702026379994, 'lambda_l2': 0.0015336923402768188}. Best is trial 40 with value: 0.12478734290508811.
2020-11-16 18:27:22|Trial 41 finished with value: 0.12476252830249247 and parameters: {'lambda_l1': 1.5515754099831924e-08, 'lambda_l2': 1.7019142652797477e-08}. Best is trial 41 with value: 0.12476252830249247.
2020-11-16 18:27:26|Trial 42 finished with value: 0.12476252830247457 and parameters: {'lambda_l1': 2.9358626658898524e-08, 'lambda_l2': 3.217060548906759e-08}. Best is trial 42 with value: 0.12476252830247457.
2020-11-16 18:27:29|Trial 43 finished with value: 0.12476252830249517 and parameters: {'lambda_l1': 1.1781726132928271e-08, 'lambda_l2': 1.690986299320946e-08}. Best is trial 42 with value: 0.12476252830247457.
2020-11-16 18:27:33|Trial 44 finished with value: 0.12476252830249607 and parameters: {'lambda_l1': 1.2337400067154572e-08, 'lambda_l2': 1.0278331610407617e-08}. Best is trial 42 with value: 0.12476252830247457.
2020-11-16 18:27:37|Trial 45 finished with value: 0.12476252830249299 and parameters: {'lambda_l1': 1.5253494742869815e-08, 'lambda_l2': 1.0225300365260211e-08}. Best is trial 42 with value: 0.12476252830247457.
2020-11-16 18:27:41|Trial 46 finished with value: 0.12476252830249568 and parameters: {'lambda_l1': 1.2698882002201452e-08, 'lambda_l2': 1.1433144616167045e-08}. Best is trial 42 with value: 0.12476252830247457.
2020-11-16 18:27:45|Trial 47 finished with value: 0.12476252830249697 and parameters: {'lambda_l1': 1.195981249058059e-08, 'lambda_l2': 1.0146059398414704e-08}. Best is trial 42 with value: 0.12476252830247457.
2020-11-16 18:27:48|Trial 48 finished with value: 0.12476252830249503 and parameters: {'lambda_l1': 1.2956520733113245e-08, 'lambda_l2': 1.285222578550524e-08}. Best is trial 42 with value: 0.12476252830247457.
2020-11-16 18:27:52|Trial 49 finished with value: 0.12476252830248943 and parameters: {'lambda_l1': 1.8379269055621466e-08, 'lambda_l2': 2.7466903179530843e-08}. Best is trial 42 with value: 0.12476252830247457.
2020-11-16 18:27:56|Trial 50 finished with value: 0.12476252830228278 and parameters: {'lambda_l1': 1.4683498073068806e-07, 'lambda_l2': 6.094534800659347e-07}. Best is trial 50 with value: 0.12476252830228278.
2020-11-16 18:28:00|Trial 51 finished with value: 0.12476252830244852 and parameters: {'lambda_l1': 4.706890038267494e-08, 'lambda_l2': 9.11446601097574e-08}. Best is trial 50 with value: 0.12476252830228278.
2020-11-16 18:28:03|Trial 52 finished with value: 0.12476252830157519 and parameters: {'lambda_l1': 7.006967234547742e-07, 'lambda_l2': 1.8670781154072293e-06}. Best is trial 52 with value: 0.12476252830157519.
2020-11-16 18:28:07|Trial 53 finished with value: 0.12476252830014245 and parameters: {'lambda_l1': 1.8708812414827749e-06, 'lambda_l2': 4.2810624131219985e-06}. Best is trial 53 with value: 0.12476252830014245.
2020-11-16 18:28:11|Trial 54 finished with value: 0.12476252829895905 and parameters: {'lambda_l1': 2.9937447932384893e-06, 'lambda_l2': 4.779983549880099e-06}. Best is trial 54 with value: 0.12476252829895905.
2020-11-16 18:28:15|Trial 55 finished with value: 0.12476252829626798 and parameters: {'lambda_l1': 5.45087675642712e-06, 'lambda_l2': 6.8685465468457595e-06}. Best is trial 55 with value: 0.12476252829626798.
2020-11-16 18:28:18|Trial 56 finished with value: 0.12476252829827138 and parameters: {'lambda_l1': 3.826753409856691e-06, 'lambda_l2': 3.5188999070885455e-06}. Best is trial 55 with value: 0.12476252829626798.
2020-11-16 18:28:22|Trial 57 finished with value: 0.124762528297566 and parameters: {'lambda_l1': 4.112953052367255e-06, 'lambda_l2': 6.795971863072616e-06}. Best is trial 55 with value: 0.12476252829626798.
2020-11-16 18:28:26|Trial 58 finished with value: 0.12476252829751364 and parameters: {'lambda_l1': 3.9706965704726435e-06, 'lambda_l2': 8.343661700344753e-06}. Best is trial 55 with value: 0.12476252829626798.
2020-11-16 18:28:30|Trial 59 finished with value: 0.1247625282906558 and parameters: {'lambda_l1': 8.800395812464832e-06, 'lambda_l2': 2.5941012728429416e-05}. Best is trial 59 with value: 0.1247625282906558.
2020-11-16 18:28:34|Trial 60 finished with value: 0.12477947639400076 and parameters: {'min_child_samples': 50}. Best is trial 60 with value: 0.12477947639400076.
2020-11-16 18:28:37|Trial 61 finished with value: 0.12477161306887184 and parameters: {'min_child_samples': 25}. Best is trial 61 with value: 0.12477161306887184.
2020-11-16 18:28:41|Trial 62 finished with value: 0.12477943954531534 and parameters: {'min_child_samples': 5}. Best is trial 61 with value: 0.12477161306887184.
2020-11-16 18:28:45|Trial 63 finished with value: 0.12478149999149483 and parameters: {'min_child_samples': 10}. Best is trial 61 with value: 0.12477161306887184.
2020-11-16 18:28:49|Trial 64 finished with value: 0.12476171854510328 and parameters: {'min_child_samples': 100}. Best is trial 64 with value: 0.12476171854510328.
2020-11-16 18:29:06|A new study created in memory with name: no-name-14ac484b-a9e1-42fb-9ef1-0fd6cda88b96
2020-11-16 18:29:10|Trial 0 finished with value: 0.12478196777387833 and parameters: {'feature_fraction': 0.5}. Best is trial 0 with value: 0.12478196777387833.
2020-11-16 18:29:13|Trial 1 finished with value: 0.12477669311156116 and parameters: {'feature_fraction': 0.6}. Best is trial 1 with value: 0.12477669311156116.
2020-11-16 18:29:19|Trial 2 finished with value: 0.1247741078349378 and parameters: {'feature_fraction': 1.0}. Best is trial 2 with value: 0.1247741078349378.
2020-11-16 18:29:23|Trial 3 finished with value: 0.1247851401034027 and parameters: {'feature_fraction': 0.8999999999999999}. Best is trial 2 with value: 0.1247741078349378.
2020-11-16 18:29:27|Trial 4 finished with value: 0.12476834802439857 and parameters: {'feature_fraction': 0.4}. Best is trial 4 with value: 0.12476834802439857.
2020-11-16 18:29:32|Trial 5 finished with value: 0.12476799026034203 and parameters: {'feature_fraction': 0.7}. Best is trial 5 with value: 0.12476799026034203.
2020-11-16 18:29:37|Trial 6 finished with value: 0.12477600339343757 and parameters: {'feature_fraction': 0.8}. Best is trial 5 with value: 0.12476799026034203.
2020-11-16 18:29:42|Trial 7 finished with value: 0.12481745633581108 and parameters: {'num_leaves': 254}. Best is trial 7 with value: 0.12481745633581108.
2020-11-16 18:29:47|Trial 8 finished with value: 0.12481054739481479 and parameters: {'num_leaves': 135}. Best is trial 8 with value: 0.12481054739481479.
2020-11-16 18:29:51|Trial 9 finished with value: 0.12479322003801038 and parameters: {'num_leaves': 59}. Best is trial 9 with value: 0.12479322003801038.
2020-11-16 18:29:56|Trial 10 finished with value: 0.12482445986648036 and parameters: {'num_leaves': 256}. Best is trial 9 with value: 0.12479322003801038.
2020-11-16 18:30:00|Trial 11 finished with value: 0.12476863213849708 and parameters: {'num_leaves': 24}. Best is trial 11 with value: 0.12476863213849708.
2020-11-16 18:30:05|Trial 12 finished with value: 0.12480708240880552 and parameters: {'num_leaves': 155}. Best is trial 11 with value: 0.12476863213849708.
2020-11-16 18:30:10|Trial 13 finished with value: 0.12480771946308819 and parameters: {'num_leaves': 214}. Best is trial 11 with value: 0.12476863213849708.
2020-11-16 18:30:14|Trial 14 finished with value: 0.12477182426401869 and parameters: {'num_leaves': 66}. Best is trial 11 with value: 0.12476863213849708.
2020-11-16 18:30:19|Trial 15 finished with value: 0.12481063546572832 and parameters: {'num_leaves': 192}. Best is trial 11 with value: 0.12476863213849708.
2020-11-16 18:30:23|Trial 16 finished with value: 0.12478755600191122 and parameters: {'num_leaves': 83}. Best is trial 11 with value: 0.12476863213849708.
2020-11-16 18:30:27|Trial 17 finished with value: 0.12477426340886666 and parameters: {'num_leaves': 15}. Best is trial 11 with value: 0.12476863213849708.
2020-11-16 18:30:32|Trial 18 finished with value: 0.12480072075960855 and parameters: {'num_leaves': 104}. Best is trial 11 with value: 0.12476863213849708.
2020-11-16 18:30:36|Trial 19 finished with value: 0.12480224311071242 and parameters: {'num_leaves': 180}. Best is trial 11 with value: 0.12476863213849708.
2020-11-16 18:30:42|Trial 20 finished with value: 0.12480792730231155 and parameters: {'num_leaves': 228}. Best is trial 11 with value: 0.12476863213849708.
2020-11-16 18:30:49|Trial 21 finished with value: 0.12476396527604375 and parameters: {'num_leaves': 5}. Best is trial 21 with value: 0.12476396527604375.
2020-11-16 18:30:53|Trial 22 finished with value: 0.12475476011097701 and parameters: {'num_leaves': 40}. Best is trial 22 with value: 0.12475476011097701.
2020-11-16 18:30:57|Trial 23 finished with value: 0.12481689443856288 and parameters: {'num_leaves': 2}. Best is trial 22 with value: 0.12475476011097701.
2020-11-16 18:31:01|Trial 24 finished with value: 0.1247885954171951 and parameters: {'num_leaves': 53}. Best is trial 22 with value: 0.12475476011097701.
2020-11-16 18:31:05|Trial 25 finished with value: 0.12473800690275196 and parameters: {'num_leaves': 26}. Best is trial 25 with value: 0.12473800690275196.
2020-11-16 18:31:09|Trial 26 finished with value: 0.12475712944776803 and parameters: {'num_leaves': 38}. Best is trial 25 with value: 0.12473800690275196.
2020-11-16 18:31:13|Trial 27 finished with value: 0.12479059569391333 and parameters: {'bagging_fraction': 0.840419291089393, 'bagging_freq': 7}. Best is trial 27 with value: 0.12479059569391333.
2020-11-16 18:31:17|Trial 28 finished with value: 0.12480551949005962 and parameters: {'bagging_fraction': 0.47229592470111614, 'bagging_freq': 1}. Best is trial 27 with value: 0.12479059569391333.
2020-11-16 18:31:19|Trial 29 finished with value: 0.12480300940665433 and parameters: {'bagging_fraction': 0.41189331529112083, 'bagging_freq': 4}. Best is trial 27 with value: 0.12479059569391333.
2020-11-16 18:31:23|Trial 30 finished with value: 0.12479705984436736 and parameters: {'bagging_fraction': 0.6645011649170468, 'bagging_freq': 7}. Best is trial 27 with value: 0.12479059569391333.
2020-11-16 18:31:28|Trial 31 finished with value: 0.12475905728322478 and parameters: {'bagging_fraction': 0.9936073083022097, 'bagging_freq': 1}. Best is trial 31 with value: 0.12475905728322478.
2020-11-16 18:31:33|Trial 32 finished with value: 0.1247773040837107 and parameters: {'bagging_fraction': 0.9830548317659668, 'bagging_freq': 1}. Best is trial 31 with value: 0.12475905728322478.
2020-11-16 18:31:38|Trial 33 finished with value: 0.1247706582089757 and parameters: {'bagging_fraction': 0.9602013374250566, 'bagging_freq': 3}. Best is trial 31 with value: 0.12475905728322478.
2020-11-16 18:31:42|Trial 34 finished with value: 0.12476978272126268 and parameters: {'bagging_fraction': 0.7215399003565629, 'bagging_freq': 3}. Best is trial 31 with value: 0.12475905728322478.
2020-11-16 18:31:46|Trial 35 finished with value: 0.12478370874656125 and parameters: {'bagging_fraction': 0.8400639533063142, 'bagging_freq': 5}. Best is trial 31 with value: 0.12475905728322478.
2020-11-16 18:31:50|Trial 36 finished with value: 0.1247963015418681 and parameters: {'bagging_fraction': 0.578024293048673, 'bagging_freq': 1}. Best is trial 31 with value: 0.12475905728322478.
2020-11-16 18:31:54|Trial 37 finished with value: 0.12476582893422208 and parameters: {'feature_fraction': 0.716}. Best is trial 37 with value: 0.12476582893422208.
2020-11-16 18:31:58|Trial 38 finished with value: 0.12476266195851798 and parameters: {'feature_fraction': 0.652}. Best is trial 38 with value: 0.12476266195851798.
2020-11-16 18:32:02|Trial 39 finished with value: 0.12475522710397251 and parameters: {'feature_fraction': 0.6839999999999999}. Best is trial 39 with value: 0.12475522710397251.
2020-11-16 18:32:06|Trial 40 finished with value: 0.12477234359777489 and parameters: {'feature_fraction': 0.62}. Best is trial 39 with value: 0.12475522710397251.
2020-11-16 18:32:10|Trial 41 finished with value: 0.12474027830821086 and parameters: {'feature_fraction': 0.748}. Best is trial 41 with value: 0.12474027830821086.
2020-11-16 18:32:15|Trial 42 finished with value: 0.12475921005021175 and parameters: {'feature_fraction': 0.7799999999999999}. Best is trial 41 with value: 0.12474027830821086.
2020-11-16 18:32:19|Trial 43 finished with value: 0.12476039948203861 and parameters: {'lambda_l1': 0.051302109394167204, 'lambda_l2': 0.011464750278197135}. Best is trial 43 with value: 0.12476039948203861.
2020-11-16 18:32:23|Trial 44 finished with value: 0.12473798814460431 and parameters: {'lambda_l1': 4.2150429993421275e-08, 'lambda_l2': 4.282449003651542e-08}. Best is trial 44 with value: 0.12473798814460431.
2020-11-16 18:32:27|Trial 45 finished with value: 0.12473798814458216 and parameters: {'lambda_l1': 1.2486017508140728e-08, 'lambda_l2': 1.0670746589860321e-08}. Best is trial 45 with value: 0.12473798814458216.
2020-11-16 18:32:31|Trial 46 finished with value: 0.12473800690276639 and parameters: {'lambda_l1': 1.6546577902624927e-08, 'lambda_l2': 3.485486062724716e-08}. Best is trial 45 with value: 0.12473798814458216.
2020-11-16 18:32:35|Trial 47 finished with value: 0.12473800690275982 and parameters: {'lambda_l1': 1.0314231404177336e-08, 'lambda_l2': 1.0170549030284074e-08}. Best is trial 45 with value: 0.12473798814458216.
2020-11-16 18:32:39|Trial 48 finished with value: 0.12473800690276966 and parameters: {'lambda_l1': 2.523238326991795e-08, 'lambda_l2': 1.714028857817191e-08}. Best is trial 45 with value: 0.12473798814458216.
2020-11-16 18:32:43|Trial 49 finished with value: 0.12473798814458319 and parameters: {'lambda_l1': 1.4114533751657014e-08, 'lambda_l2': 1.3282313661392761e-08}. Best is trial 45 with value: 0.12473798814458216.
2020-11-16 18:32:47|Trial 50 finished with value: 0.12473800690276002 and parameters: {'lambda_l1': 1.0213569477372694e-08, 'lambda_l2': 1.3391336835582266e-08}. Best is trial 45 with value: 0.12473798814458216.
2020-11-16 18:32:51|Trial 51 finished with value: 0.12473798814458258 and parameters: {'lambda_l1': 1.1813421634568502e-08, 'lambda_l2': 2.096391430197619e-08}. Best is trial 45 with value: 0.12473798814458216.
2020-11-16 18:32:55|Trial 52 finished with value: 0.12473798814458883 and parameters: {'lambda_l1': 2.2105250796490646e-08, 'lambda_l2': 1.275957079005722e-08}. Best is trial 45 with value: 0.12473798814458216.
2020-11-16 18:32:59|Trial 53 finished with value: 0.12473800690292366 and parameters: {'lambda_l1': 2.6434026827494744e-07, 'lambda_l2': 4.900428312736587e-08}. Best is trial 45 with value: 0.12473798814458216.
2020-11-16 18:33:03|Trial 54 finished with value: 0.12473800690385761 and parameters: {'lambda_l1': 1.5932390647852898e-06, 'lambda_l2': 7.261390404275438e-07}. Best is trial 45 with value: 0.12473798814458216.
2020-11-16 18:33:07|Trial 55 finished with value: 0.12473798583348505 and parameters: {'lambda_l1': 1.2790342699516922e-08, 'lambda_l2': 1.3397902954186714e-06}. Best is trial 55 with value: 0.12473798583348505.
2020-11-16 18:33:11|Trial 56 finished with value: 0.12473799507750172 and parameters: {'lambda_l1': 1.0078814681727843e-08, 'lambda_l2': 2.5447790954763225e-06}. Best is trial 55 with value: 0.12473798583348505.
2020-11-16 18:33:15|Trial 57 finished with value: 0.12473798814458419 and parameters: {'lambda_l1': 1.3909248532040483e-08, 'lambda_l2': 2.090647109028073e-08}. Best is trial 55 with value: 0.12473798583348505.
2020-11-16 18:33:19|Trial 58 finished with value: 0.12473798814479113 and parameters: {'lambda_l1': 1.1112549702809402e-08, 'lambda_l2': 2.524695585332146e-06}. Best is trial 55 with value: 0.12473798583348505.
2020-11-16 18:33:23|Trial 59 finished with value: 0.12473798814612007 and parameters: {'lambda_l1': 2.349196818163659e-06, 'lambda_l2': 1.502751689992101e-08}. Best is trial 55 with value: 0.12473798583348505.
2020-11-16 18:33:27|Trial 60 finished with value: 0.12473800690291824 and parameters: {'lambda_l1': 2.0483835569786225e-07, 'lambda_l2': 4.758221930815421e-07}. Best is trial 55 with value: 0.12473798583348505.
2020-11-16 18:33:31|Trial 61 finished with value: 0.12473800690275968 and parameters: {'lambda_l1': 1.0015071646956587e-08, 'lambda_l2': 1.004509224271319e-08}. Best is trial 55 with value: 0.12473798583348505.
2020-11-16 18:33:35|Trial 62 finished with value: 0.12473798804500097 and parameters: {'lambda_l1': 1.077708458140425e-07, 'lambda_l2': 1.5460960340783622e-07}. Best is trial 55 with value: 0.12473798583348505.
2020-11-16 18:33:39|Trial 63 finished with value: 0.12474627866630378 and parameters: {'min_child_samples': 10}. Best is trial 63 with value: 0.12474627866630378.
2020-11-16 18:33:43|Trial 64 finished with value: 0.12476364141193348 and parameters: {'min_child_samples': 50}. Best is trial 63 with value: 0.12474627866630378.
2020-11-16 18:33:47|Trial 65 finished with value: 0.12474567309826512 and parameters: {'min_child_samples': 5}. Best is trial 65 with value: 0.12474567309826512.
2020-11-16 18:33:52|Trial 66 finished with value: 0.12475369350505752 and parameters: {'min_child_samples': 25}. Best is trial 65 with value: 0.12474567309826512.
2020-11-16 18:33:55|Trial 67 finished with value: 0.12477281764377357 and parameters: {'min_child_samples': 100}. Best is trial 65 with value: 0.12474567309826512.
